loading dataset...
training...
/home/kimura/.pyenv/versions/anaconda3-4.3.1/lib/python3.6/site-packages/h5py/__init__.py:34: FutureWarning: Conversion of the second argument of issubdtype from `float` to `np.floating` is deprecated. In future, it will be treated as `np.float64 == np.dtype(float).type`.
  from ._conv import register_converters as _register_converters
Epoch: 0, Loss: 135.93524
Epoch: 100, Loss: 146.73935
Epoch: 200, Loss: 150.6504
Epoch: 300, Loss: 154.42099
Epoch: 400, Loss: 153.15547
Epoch: 500, Loss: 174.4949
Epoch: 600, Loss: 135.54898
Epoch: 700, Loss: 123.4165
Epoch: 800, Loss: 117.29929
Epoch: 900, Loss: 173.39021
Epoch: 1000, Loss: 168.70119
Epoch: 1100, Loss: 144.41751
Epoch: 1200, Loss: 131.87607
Epoch: 1300, Loss: 110.18464
Epoch: 1400, Loss: 127.31114
Epoch: 1500, Loss: 106.58723
Epoch: 1600, Loss: 154.12216
Epoch: 1700, Loss: 164.43788
Epoch: 1800, Loss: 134.43394
Epoch: 1900, Loss: 117.49158
Epoch: 2000, Loss: 257.25363
Epoch: 2100, Loss: 139.86176
Epoch: 2200, Loss: 177.50604
Epoch: 2300, Loss: 128.1313
Epoch: 2400, Loss: 141.3833
Epoch: 2500, Loss: 133.62273
Epoch: 2600, Loss: 257.1719
Epoch: 2700, Loss: 219.14822
Epoch: 2800, Loss: 167.52557
Epoch: 2900, Loss: 204.74522
Epoch: 3000, Loss: 135.77411
Epoch: 3100, Loss: 152.00087
Epoch: 3200, Loss: 165.09071
Epoch: 3300, Loss: 161.2005
Epoch: 3400, Loss: 166.82881
Epoch: 3500, Loss: 170.89262
Epoch: 3600, Loss: 145.11026
Epoch: 3700, Loss: 142.70573
Epoch: 3800, Loss: 150.3507
Epoch: 3900, Loss: 272.6904
Epoch: 4000, Loss: 160.2653
Epoch: 4100, Loss: 217.77295
Epoch: 4200, Loss: 160.63672
Epoch: 4300, Loss: 117.17683
Epoch: 4400, Loss: 138.15146
Epoch: 4500, Loss: 161.55133
Epoch: 4600, Loss: 126.38165
Epoch: 4700, Loss: 112.831116
Epoch: 4800, Loss: 145.45515
Epoch: 4900, Loss: 133.30989
Epoch: 5000, Loss: 176.6854
Epoch: 5100, Loss: 193.09885
Epoch: 5200, Loss: 133.35027
Epoch: 5300, Loss: 120.48467
Epoch: 5400, Loss: 127.22755
Epoch: 5500, Loss: 142.08974
Epoch: 5600, Loss: 178.30467
Epoch: 5700, Loss: 156.6261
Epoch: 5800, Loss: 149.8157
Epoch: 5900, Loss: 146.56366
Epoch: 6000, Loss: 126.45561
Epoch: 6100, Loss: 161.14485
Epoch: 6200, Loss: 142.42888
Epoch: 6300, Loss: 160.25601
Epoch: 6400, Loss: 152.33975
Epoch: 6500, Loss: 153.92274
Epoch: 6600, Loss: 112.8814
Epoch: 6700, Loss: 163.3321
Epoch: 6800, Loss: 180.5039
Epoch: 6900, Loss: 164.90448
Epoch: 7000, Loss: 136.01382
Epoch: 7100, Loss: 141.71716
Epoch: 7200, Loss: 224.7069
Epoch: 7300, Loss: 180.88521
Epoch: 7400, Loss: 170.89781
Epoch: 7500, Loss: 106.39158
Epoch: 7600, Loss: 120.41426
Epoch: 7700, Loss: 116.72574
Epoch: 7800, Loss: 143.9234
Epoch: 7900, Loss: 108.82428
Epoch: 8000, Loss: 95.588974
Epoch: 8100, Loss: 140.16568
Epoch: 8200, Loss: 169.39769
Epoch: 8300, Loss: 141.71242
Epoch: 8400, Loss: 154.23424
Epoch: 8500, Loss: 158.59062
Epoch: 8600, Loss: 103.82159
Epoch: 8700, Loss: 105.46087
Epoch: 8800, Loss: 153.49258
Epoch: 8900, Loss: 133.25897
Epoch: 9000, Loss: 132.77196
Epoch: 9100, Loss: 118.005646
Epoch: 9200, Loss: 127.895035
Epoch: 9300, Loss: 218.84853
Epoch: 9400, Loss: 127.30483
Epoch: 9500, Loss: 221.30603
Epoch: 9600, Loss: 163.45406
Epoch: 9700, Loss: 145.82054
Epoch: 9800, Loss: 173.98315
Epoch: 9900, Loss: 140.86855
Epoch: 10000, Loss: 126.32922
Epoch: 10100, Loss: 137.69606
Epoch: 10200, Loss: 187.99133
Epoch: 10300, Loss: 106.738014
Epoch: 10400, Loss: 179.12743
Epoch: 10500, Loss: 207.295
Epoch: 10600, Loss: 118.00625
Epoch: 10700, Loss: 146.12904
Epoch: 10800, Loss: 194.04695
Epoch: 10900, Loss: 222.0255
Epoch: 11000, Loss: 96.671165
Epoch: 11100, Loss: 127.79822
Epoch: 11200, Loss: 155.68706
Epoch: 11300, Loss: 105.3652
Epoch: 11400, Loss: 155.43106
Epoch: 11500, Loss: 118.712975
Epoch: 11600, Loss: 147.97983
Epoch: 11700, Loss: 182.8655
Epoch: 11800, Loss: 187.57271
Epoch: 11900, Loss: 211.7472
Epoch: 12000, Loss: 155.36247
Epoch: 12100, Loss: 186.26872
Epoch: 12200, Loss: 157.00613
Epoch: 12300, Loss: 151.85059
Epoch: 12400, Loss: 195.76782
Epoch: 12500, Loss: 149.63643
Epoch: 12600, Loss: 143.2472
Epoch: 12700, Loss: 191.24112
Epoch: 12800, Loss: 128.28218
Epoch: 12900, Loss: 110.76001
Epoch: 13000, Loss: 140.92255
Epoch: 13100, Loss: 198.79623
Epoch: 13200, Loss: 144.05847
Epoch: 13300, Loss: 142.94276
Epoch: 13400, Loss: 95.53046
Epoch: 13500, Loss: 155.89221
Epoch: 13600, Loss: 152.08241
Epoch: 13700, Loss: 188.1811
Epoch: 13800, Loss: 173.28639
Epoch: 13900, Loss: 188.07358
Epoch: 14000, Loss: 218.26785
Epoch: 14100, Loss: 153.98747
Epoch: 14200, Loss: 137.57439
Epoch: 14300, Loss: 131.17
Epoch: 14400, Loss: 181.03516
Epoch: 14500, Loss: 138.13889
Epoch: 14600, Loss: 115.371635
Epoch: 14700, Loss: 141.4219
Epoch: 14800, Loss: 154.10924
Epoch: 14900, Loss: 148.49161
Epoch: 15000, Loss: 133.6804
Epoch: 15100, Loss: 128.13853
Epoch: 15200, Loss: 127.31097
Epoch: 15300, Loss: 155.53947
Epoch: 15400, Loss: 133.5191
Epoch: 15500, Loss: 125.88938
Epoch: 15600, Loss: 160.94922
Epoch: 15700, Loss: 161.07541
Epoch: 15800, Loss: 148.44534
Epoch: 15900, Loss: 125.85269
Epoch: 16000, Loss: 141.67468
Epoch: 16100, Loss: 157.89366
Epoch: 16200, Loss: 141.21814
Epoch: 16300, Loss: 202.54555
Epoch: 16400, Loss: 228.9309
Epoch: 16500, Loss: 135.07303
Epoch: 16600, Loss: 181.24178
Epoch: 16700, Loss: 164.56053
Epoch: 16800, Loss: 191.42384
Epoch: 16900, Loss: 190.40149
Epoch: 17000, Loss: 161.46843
Epoch: 17100, Loss: 136.43576
Epoch: 17200, Loss: 153.782
Epoch: 17300, Loss: 172.78851
Epoch: 17400, Loss: 152.47269
Epoch: 17500, Loss: 139.67784
Epoch: 17600, Loss: 178.9781
Epoch: 17700, Loss: 226.23326
Epoch: 17800, Loss: 172.98035
Epoch: 17900, Loss: 163.20053
Epoch: 18000, Loss: 109.13749
Epoch: 18100, Loss: 111.279335
Epoch: 18200, Loss: 95.046455
Epoch: 18300, Loss: 156.21408
Epoch: 18400, Loss: 184.8372
Epoch: 18500, Loss: 117.09656
Epoch: 18600, Loss: 164.13753
Epoch: 18700, Loss: 124.2977
Epoch: 18800, Loss: 121.465454
Epoch: 18900, Loss: 161.94624
Epoch: 19000, Loss: 141.23586
Epoch: 19100, Loss: 147.62524
Epoch: 19200, Loss: 181.74039
Epoch: 19300, Loss: 149.54648
Epoch: 19400, Loss: 169.69821
Epoch: 19500, Loss: 127.055786
Epoch: 19600, Loss: 199.16568
Epoch: 19700, Loss: 120.147224
Epoch: 19800, Loss: 119.00626
Epoch: 19900, Loss: 157.47888
Epoch: 20000, Loss: 141.03375
Epoch: 20100, Loss: 184.27017
Epoch: 20200, Loss: 178.86797
Epoch: 20300, Loss: 194.25851
Epoch: 20400, Loss: 107.47256
Epoch: 20500, Loss: 123.683624
Epoch: 20600, Loss: 109.87382
Epoch: 20700, Loss: 131.7973
Epoch: 20800, Loss: 116.83333
Epoch: 20900, Loss: 112.88054
Epoch: 21000, Loss: 123.49044
Epoch: 21100, Loss: 132.8496
Epoch: 21200, Loss: 139.41754
Epoch: 21300, Loss: 150.7338
Epoch: 21400, Loss: 169.48921
Epoch: 21500, Loss: 133.3662
Epoch: 21600, Loss: 240.17834
Epoch: 21700, Loss: 168.37723
Epoch: 21800, Loss: 220.25198
Epoch: 21900, Loss: 196.05367
Epoch: 22000, Loss: 200.66125
Epoch: 22100, Loss: 187.12341
Epoch: 22200, Loss: 179.52005
Epoch: 22300, Loss: 152.15825
Epoch: 22400, Loss: 150.87752
Epoch: 22500, Loss: 197.98582
Epoch: 22600, Loss: 105.50285
Epoch: 22700, Loss: 186.04262
Epoch: 22800, Loss: 138.9649
Epoch: 22900, Loss: 195.60173
Epoch: 23000, Loss: 166.17511
Epoch: 23100, Loss: 106.737686
Epoch: 23200, Loss: 156.81593
Epoch: 23300, Loss: 138.04315
Epoch: 23400, Loss: 130.81381
Epoch: 23500, Loss: 119.614914
Epoch: 23600, Loss: 123.57002
Epoch: 23700, Loss: 140.50027
Epoch: 23800, Loss: 177.29259
Epoch: 23900, Loss: 153.08568
Epoch: 24000, Loss: 142.16248
Epoch: 24100, Loss: 140.51122
Epoch: 24200, Loss: 168.54254
Epoch: 24300, Loss: 99.464584
Epoch: 24400, Loss: 145.6441
Epoch: 24500, Loss: 162.42871
Epoch: 24600, Loss: 102.54194
Epoch: 24700, Loss: 198.9442
Epoch: 24800, Loss: 128.66621
Epoch: 24900, Loss: 160.18156
Epoch: 25000, Loss: 151.97923
Epoch: 25100, Loss: 121.73931
Epoch: 25200, Loss: 115.736336
Epoch: 25300, Loss: 183.48723
Epoch: 25400, Loss: 141.3831
Epoch: 25500, Loss: 133.70859
Epoch: 25600, Loss: 158.33441
Epoch: 25700, Loss: 146.38513
Epoch: 25800, Loss: 164.62102
Epoch: 25900, Loss: 83.775665
Epoch: 26000, Loss: 210.748
Epoch: 26100, Loss: 124.237526
Epoch: 26200, Loss: 158.50798
Epoch: 26300, Loss: 129.30705
Epoch: 26400, Loss: 121.55868
Epoch: 26500, Loss: 135.2165
Epoch: 26600, Loss: 119.86448
Epoch: 26700, Loss: 129.44476
Epoch: 26800, Loss: 100.98434
Epoch: 26900, Loss: 155.31282
Epoch: 27000, Loss: 140.87878
Epoch: 27100, Loss: 121.35026
Epoch: 27200, Loss: 132.94196
Epoch: 27300, Loss: 168.30084
Epoch: 27400, Loss: 149.81223
Epoch: 27500, Loss: 137.13966
Epoch: 27600, Loss: 157.93573
Epoch: 27700, Loss: 141.7568
Epoch: 27800, Loss: 144.31097
Epoch: 27900, Loss: 187.62416
Epoch: 28000, Loss: 124.11736
Epoch: 28100, Loss: 113.94356
Epoch: 28200, Loss: 125.886894
Epoch: 28300, Loss: 109.908966
Epoch: 28400, Loss: 100.48158
Epoch: 28500, Loss: 156.95406
Epoch: 28600, Loss: 164.10179
Epoch: 28700, Loss: 139.0535
Epoch: 28800, Loss: 143.73639
Epoch: 28900, Loss: 187.93384
Epoch: 29000, Loss: 244.76189
Epoch: 29100, Loss: 106.31525
Epoch: 29200, Loss: 122.29513
Epoch: 29300, Loss: 158.40742
Epoch: 29400, Loss: 123.891
Epoch: 29500, Loss: 190.62492
Epoch: 29600, Loss: 143.07332
Epoch: 29700, Loss: 169.48611
Epoch: 29800, Loss: 149.02449
Epoch: 29900, Loss: 150.56569
Epoch: 30000, Loss: 106.07257
Epoch: 30100, Loss: 126.984695
Epoch: 30200, Loss: 126.32969
Epoch: 30300, Loss: 219.07854
Epoch: 30400, Loss: 122.11399
Epoch: 30500, Loss: 165.14044
Epoch: 30600, Loss: 100.95589
Epoch: 30700, Loss: 107.27807
Epoch: 30800, Loss: 162.42976
Epoch: 30900, Loss: 117.15591
Epoch: 31000, Loss: 169.71219
Epoch: 31100, Loss: 214.37958
Epoch: 31200, Loss: 118.27453
Epoch: 31300, Loss: 116.27835
Epoch: 31400, Loss: 145.94458
Epoch: 31500, Loss: 168.2836
Epoch: 31600, Loss: 130.69092
Epoch: 31700, Loss: 133.73576
Epoch: 31800, Loss: 131.35724
Epoch: 31900, Loss: 162.14697
Epoch: 32000, Loss: 159.75798
Epoch: 32100, Loss: 146.57239
Epoch: 32200, Loss: 145.79048
Epoch: 32300, Loss: 114.05033
Epoch: 32400, Loss: 144.00461
Epoch: 32500, Loss: 185.918
Epoch: 32600, Loss: 125.18507
Epoch: 32700, Loss: 170.63593
Epoch: 32800, Loss: 123.13164
Epoch: 32900, Loss: 111.521255
Epoch: 33000, Loss: 164.91013
Epoch: 33100, Loss: 177.43114
Epoch: 33200, Loss: 116.00879
Epoch: 33300, Loss: 174.36412
Epoch: 33400, Loss: 202.76913
Epoch: 33500, Loss: 182.43715
Epoch: 33600, Loss: 193.20354
Epoch: 33700, Loss: 145.24496
Epoch: 33800, Loss: 103.349304
Epoch: 33900, Loss: 173.96254
Epoch: 34000, Loss: 148.18153
Epoch: 34100, Loss: 159.20804
Epoch: 34200, Loss: 126.78834
Epoch: 34300, Loss: 157.11728
Epoch: 34400, Loss: 114.0935
Epoch: 34500, Loss: 173.76549
Epoch: 34600, Loss: 146.25818
Epoch: 34700, Loss: 208.27304
Epoch: 34800, Loss: 124.03259
Epoch: 34900, Loss: 162.39888
Epoch: 35000, Loss: 266.0472
Epoch: 35100, Loss: 149.97076
Epoch: 35200, Loss: 184.85252
Epoch: 35300, Loss: 109.624374
Epoch: 35400, Loss: 89.078026
Epoch: 35500, Loss: 141.20865
Epoch: 35600, Loss: 159.72278
Epoch: 35700, Loss: 117.08084
Epoch: 35800, Loss: 184.68951
Epoch: 35900, Loss: 150.9364
Epoch: 36000, Loss: 136.85703
Epoch: 36100, Loss: 142.48201
Epoch: 36200, Loss: 214.96288
Epoch: 36300, Loss: 105.38916
Epoch: 36400, Loss: 131.70319
Epoch: 36500, Loss: 110.74858
Epoch: 36600, Loss: 146.88301
Epoch: 36700, Loss: 134.23828
Epoch: 36800, Loss: 139.65367
Epoch: 36900, Loss: 139.9765
Epoch: 37000, Loss: 131.14767
Epoch: 37100, Loss: 169.906
Epoch: 37200, Loss: 173.84956
Epoch: 37300, Loss: 163.2466
Epoch: 37400, Loss: 129.57788
Epoch: 37500, Loss: 207.47318
Epoch: 37600, Loss: 165.77037
Epoch: 37700, Loss: 118.428345
Epoch: 37800, Loss: 126.56176
Epoch: 37900, Loss: 165.1647
Epoch: 38000, Loss: 132.88553
Epoch: 38100, Loss: 145.0684
Epoch: 38200, Loss: 150.53886
Epoch: 38300, Loss: 126.14847
Epoch: 38400, Loss: 164.08159
Epoch: 38500, Loss: 155.1516
Epoch: 38600, Loss: 127.790306
Epoch: 38700, Loss: 159.26534
Epoch: 38800, Loss: 153.1925
Epoch: 38900, Loss: 217.51608
Epoch: 39000, Loss: 141.81375
Epoch: 39100, Loss: 92.10591
Epoch: 39200, Loss: 176.02495
Epoch: 39300, Loss: 101.87095
Epoch: 39400, Loss: 121.77681
Epoch: 39500, Loss: 141.668
Epoch: 39600, Loss: 135.99251
Epoch: 39700, Loss: 140.0814
Epoch: 39800, Loss: 122.28793
Epoch: 39900, Loss: 143.8531
Epoch: 40000, Loss: 157.55379
Epoch: 40100, Loss: 137.35762
Epoch: 40200, Loss: 196.99757
Epoch: 40300, Loss: 158.60373
Epoch: 40400, Loss: 242.39047
Epoch: 40500, Loss: 253.84404
Epoch: 40600, Loss: 112.395744
Epoch: 40700, Loss: 184.45093
Epoch: 40800, Loss: 141.16109
Epoch: 40900, Loss: 225.4625
Epoch: 41000, Loss: 191.83723
Epoch: 41100, Loss: 81.487686
Epoch: 41200, Loss: 105.60146
Epoch: 41300, Loss: 147.50197
Epoch: 41400, Loss: 142.28568
Epoch: 41500, Loss: 130.11984
Epoch: 41600, Loss: 226.37369
Epoch: 41700, Loss: 192.44218
Epoch: 41800, Loss: 117.39998
Epoch: 41900, Loss: 177.05643
Epoch: 42000, Loss: 185.75636
Epoch: 42100, Loss: 134.08888
Epoch: 42200, Loss: 115.63735
Epoch: 42300, Loss: 154.37027
Epoch: 42400, Loss: 124.23904
Epoch: 42500, Loss: 139.65324
Epoch: 42600, Loss: 98.10612
Epoch: 42700, Loss: 157.38713
Epoch: 42800, Loss: 179.66151
Epoch: 42900, Loss: 175.75603
Epoch: 43000, Loss: 177.123
Epoch: 43100, Loss: 140.22699
Epoch: 43200, Loss: 164.78032
Epoch: 43300, Loss: 134.68777
Epoch: 43400, Loss: 141.36374
Epoch: 43500, Loss: 173.00952
Epoch: 43600, Loss: 119.79159
Epoch: 43700, Loss: 161.8296
Epoch: 43800, Loss: 162.73238
Epoch: 43900, Loss: 203.7194
Epoch: 44000, Loss: 108.381065
Epoch: 44100, Loss: 148.33469
Epoch: 44200, Loss: 151.42404
Epoch: 44300, Loss: 122.05402
Epoch: 44400, Loss: 106.26282
Epoch: 44500, Loss: 144.50223
Epoch: 44600, Loss: 135.44392
Epoch: 44700, Loss: 199.42888
Epoch: 44800, Loss: 175.60144
Epoch: 44900, Loss: 151.43446
Epoch: 45000, Loss: 102.837524
Epoch: 45100, Loss: 165.31589
Epoch: 45200, Loss: 223.02667
Epoch: 45300, Loss: 106.286255
Epoch: 45400, Loss: 146.18019
Epoch: 45500, Loss: 164.37881
Epoch: 45600, Loss: 159.16502
Epoch: 45700, Loss: 178.84988
Epoch: 45800, Loss: 153.2123
Epoch: 45900, Loss: 147.7878
Epoch: 46000, Loss: 134.22026
Epoch: 46100, Loss: 149.81271
Epoch: 46200, Loss: 142.79887
Epoch: 46300, Loss: 93.12639
Epoch: 46400, Loss: 137.90106
Epoch: 46500, Loss: 236.15477
Epoch: 46600, Loss: 121.74838
Epoch: 46700, Loss: 121.94012
Epoch: 46800, Loss: 145.35214
Epoch: 46900, Loss: 127.47795
Epoch: 47000, Loss: 147.19885
Epoch: 47100, Loss: 128.98059
Epoch: 47200, Loss: 128.43031
Epoch: 47300, Loss: 159.03897
Epoch: 47400, Loss: 135.14688
Epoch: 47500, Loss: 183.92345
Epoch: 47600, Loss: 233.91493
Epoch: 47700, Loss: 122.690506
Epoch: 47800, Loss: 276.94785
Epoch: 47900, Loss: 124.267
Epoch: 48000, Loss: 133.595
Epoch: 48100, Loss: 92.57167
Epoch: 48200, Loss: 104.814125
Epoch: 48300, Loss: 173.60905
Epoch: 48400, Loss: 191.82361
Epoch: 48500, Loss: 107.74643
Epoch: 48600, Loss: 104.808266
Epoch: 48700, Loss: 160.75621
Epoch: 48800, Loss: 111.13137
Epoch: 48900, Loss: 134.62732
Epoch: 49000, Loss: 124.20003
Epoch: 49100, Loss: 121.228645
Epoch: 49200, Loss: 125.43293
Epoch: 49300, Loss: 163.38248
Epoch: 49400, Loss: 151.44722
Epoch: 49500, Loss: 119.13907
Epoch: 49600, Loss: 136.64908
Epoch: 49700, Loss: 149.43451
Epoch: 49800, Loss: 156.81302
Epoch: 49900, Loss: 92.76629
Epoch: 50000, Loss: 143.98811
Epoch: 50100, Loss: 195.42177
Epoch: 50200, Loss: 226.27069
Epoch: 50300, Loss: 157.99318
Epoch: 50400, Loss: 142.21024
Epoch: 50500, Loss: 122.54676
Epoch: 50600, Loss: 121.32291
Epoch: 50700, Loss: 125.2798
Epoch: 50800, Loss: 176.7163
Epoch: 50900, Loss: 164.87897
Epoch: 51000, Loss: 131.40753
Epoch: 51100, Loss: 138.39635
Epoch: 51200, Loss: 136.29369
Epoch: 51300, Loss: 156.47075
Epoch: 51400, Loss: 183.92725
Epoch: 51500, Loss: 138.06395
Epoch: 51600, Loss: 174.4495
Epoch: 51700, Loss: 159.42442
Epoch: 51800, Loss: 105.5712
Epoch: 51900, Loss: 103.33815
Epoch: 52000, Loss: 138.51501
Epoch: 52100, Loss: 168.43912
Epoch: 52200, Loss: 128.3897
Epoch: 52300, Loss: 158.67885
Epoch: 52400, Loss: 161.31805
Epoch: 52500, Loss: 153.10294
Epoch: 52600, Loss: 129.02182
Epoch: 52700, Loss: 94.55101
Epoch: 52800, Loss: 149.7969
Epoch: 52900, Loss: 180.27222
Epoch: 53000, Loss: 159.70511
Epoch: 53100, Loss: 154.56592
Epoch: 53200, Loss: 103.0181
Epoch: 53300, Loss: 126.62034
Epoch: 53400, Loss: 117.796715
Epoch: 53500, Loss: 185.62297
Epoch: 53600, Loss: 109.3898
Epoch: 53700, Loss: 244.20255
Epoch: 53800, Loss: 177.53706
Epoch: 53900, Loss: 130.1123
Epoch: 54000, Loss: 108.09964
Epoch: 54100, Loss: 105.95279
Epoch: 54200, Loss: 189.44174
Epoch: 54300, Loss: 135.78683
Epoch: 54400, Loss: 159.40385
Epoch: 54500, Loss: 162.88799
Epoch: 54600, Loss: 146.958
Epoch: 54700, Loss: 138.85574
Epoch: 54800, Loss: 196.04181
Epoch: 54900, Loss: 210.2416
Epoch: 55000, Loss: 104.82067
Epoch: 55100, Loss: 145.0747
Epoch: 55200, Loss: 109.02189
Epoch: 55300, Loss: 164.85063